#
# There is insufficient memory for the Java Runtime Environment to continue.
# Native memory allocation (mmap) failed to map 716177408 bytes for committing reserved memory.
# Possible reasons:
#   The system is out of physical RAM or swap space
#   The process is running with CompressedOops enabled, and the Java Heap may be blocking the growth of the native heap
# Possible solutions:
#   Reduce memory load on the system
#   Increase physical memory or swap space
#   Check if swap backing store is full
#   Decrease Java heap size (-Xmx/-Xms)
#   Decrease number of Java threads
#   Decrease Java thread stack sizes (-Xss)
#   Set larger code cache with -XX:ReservedCodeCacheSize=
# This output file may be truncated or incomplete.
#
#  Out of Memory Error (os_linux.cpp:2749), pid=29643, tid=0x00007f417f47d700
#
# JRE version:  (8.0_211-b12) (build )
# Java VM: Java HotSpot(TM) 64-Bit Server VM (25.211-b12 mixed mode linux-amd64 compressed oops)
# Core dump written. Default location: /home/desenvolvedor0/Documentos/livraria-playframework/core or core.29643
#

---------------  T H R E A D  ---------------

Current thread (0x00007f417800a800):  JavaThread "Unknown thread" [_thread_in_vm, id=29644, stack(0x00007f417f37e000,0x00007f417f47e000)]

Stack: [0x00007f417f37e000,0x00007f417f47e000],  sp=0x00007f417f47c570,  free space=1017k
Native frames: (J=compiled Java code, j=interpreted, Vv=VM code, C=native code)
V  [libjvm.so+0xad3455]  VMError::report_and_die()+0x2e5
V  [libjvm.so+0x4e0537]  report_vm_out_of_memory(char const*, int, unsigned long, VMErrorType, char const*)+0x67
V  [libjvm.so+0x910320]  os::pd_commit_memory(char*, unsigned long, unsigned long, bool)+0x100
V  [libjvm.so+0x90794f]  os::commit_memory(char*, unsigned long, unsigned long, bool)+0x1f
V  [libjvm.so+0x98c736]  PSVirtualSpace::expand_by(unsigned long)+0x56
V  [libjvm.so+0x97cfec]  PSOldGen::initialize(ReservedSpace, unsigned long, char const*, int)+0x8c
V  [libjvm.so+0x2bd00e]  AdjoiningGenerations::AdjoiningGenerations(ReservedSpace, GenerationSizer*, unsigned long)+0x2fe
V  [libjvm.so+0x93ac62]  ParallelScavengeHeap::initialize()+0x222
V  [libjvm.so+0xa9707a]  Universe::initialize_heap()+0x16a
V  [libjvm.so+0xa97363]  universe_init()+0x33
V  [libjvm.so+0x6321a0]  init_globals()+0x50
V  [libjvm.so+0xa79a99]  Threads::create_vm(JavaVMInitArgs*, bool*)+0x409
V  [libjvm.so+0x6d7d1f]  JNI_CreateJavaVM+0x4f
C  [libjli.so+0x7ee4]  JavaMain+0x84
C  [libpthread.so.0+0x957f]  start_thread+0xef


---------------  P R O C E S S  ---------------

Java Threads: ( => current thread )

Other Threads:

=>0x00007f417800a800 (exited) JavaThread "Unknown thread" [_thread_in_vm, id=29644, stack(0x00007f417f37e000,0x00007f417f47e000)]

VM state:not at safepoint (not fully initialized)

VM Mutex/Monitor currently owned by a thread: None

heap address: 0x00000000c0000000, size: 1024 MB, Compressed Oops mode: Non-zero based:0x00000000bffff000
Narrow klass base: 0x0000000000000000, Narrow klass shift: 0

GC Heap History (0 events):
No events

Deoptimization events (0 events):
No events

Classes redefined (0 events):
No events

Internal exceptions (0 events):
No events

Events (0 events):
No events


Dynamic libraries:
00400000-00401000 r-xp 00000000 08:03 3146446                            /usr/lib/jvm/jre/bin/java
00600000-00601000 r--p 00000000 08:03 3146446                            /usr/lib/jvm/jre/bin/java
00601000-00602000 rw-p 00001000 08:03 3146446                            /usr/lib/jvm/jre/bin/java
00b5b000-00b7c000 rw-p 00000000 00:00 0                                  [heap]
eab00000-100000000 rw-p 00000000 00:00 0 
7f4170000000-7f4170270000 rwxp 00000000 00:00 0 
7f4170270000-7f4178000000 ---p 00000000 00:00 0 
7f4178000000-7f4178037000 rw-p 00000000 00:00 0 
7f4178037000-7f417c000000 ---p 00000000 00:00 0 
7f417e682000-7f417e917000 rw-p 00000000 00:00 0 
7f417e917000-7f417ea6c000 ---p 00000000 00:00 0 
7f417ea6c000-7f417eb22000 rw-p 00000000 00:00 0 
7f417eb22000-7f417ed18000 ---p 00000000 00:00 0 
7f417ed18000-7f417ed33000 r-xp 00000000 08:03 2623955                    /usr/lib/jvm/jre/lib/amd64/libzip.so
7f417ed33000-7f417ef32000 ---p 0001b000 08:03 2623955                    /usr/lib/jvm/jre/lib/amd64/libzip.so
7f417ef32000-7f417ef33000 r--p 0001a000 08:03 2623955                    /usr/lib/jvm/jre/lib/amd64/libzip.so
7f417ef33000-7f417ef34000 rw-p 0001b000 08:03 2623955                    /usr/lib/jvm/jre/lib/amd64/libzip.so
7f417ef34000-7f417ef60000 r-xp 00000000 08:03 2623950                    /usr/lib/jvm/jre/lib/amd64/libjava.so
7f417ef60000-7f417f160000 ---p 0002c000 08:03 2623950                    /usr/lib/jvm/jre/lib/amd64/libjava.so
7f417f160000-7f417f161000 r--p 0002c000 08:03 2623950                    /usr/lib/jvm/jre/lib/amd64/libjava.so
7f417f161000-7f417f163000 rw-p 0002d000 08:03 2623950                    /usr/lib/jvm/jre/lib/amd64/libjava.so
7f417f163000-7f417f170000 r-xp 00000000 08:03 2623942                    /usr/lib/jvm/jre/lib/amd64/libverify.so
7f417f170000-7f417f36f000 ---p 0000d000 08:03 2623942                    /usr/lib/jvm/jre/lib/amd64/libverify.so
7f417f36f000-7f417f371000 r--p 0000c000 08:03 2623942                    /usr/lib/jvm/jre/lib/amd64/libverify.so
7f417f371000-7f417f372000 rw-p 0000e000 08:03 2623942                    /usr/lib/jvm/jre/lib/amd64/libverify.so
7f417f372000-7f417f375000 r--p 00000000 08:03 541125                     /usr/lib/librt-2.29.so
7f417f375000-7f417f379000 r-xp 00003000 08:03 541125                     /usr/lib/librt-2.29.so
7f417f379000-7f417f37b000 r--p 00007000 08:03 541125                     /usr/lib/librt-2.29.so
7f417f37b000-7f417f37c000 r--p 00008000 08:03 541125                     /usr/lib/librt-2.29.so
7f417f37c000-7f417f37d000 rw-p 00009000 08:03 541125                     /usr/lib/librt-2.29.so
7f417f37d000-7f417f37e000 ---p 00000000 00:00 0 
7f417f37e000-7f417f381000 ---p 00000000 00:00 0 
7f417f381000-7f417f47e000 rw-p 00000000 00:00 0 
7f417f47e000-7f417f48d000 r--p 00000000 08:03 533193                     /usr/lib/libm-2.29.so
7f417f48d000-7f417f529000 r-xp 0000f000 08:03 533193                     /usr/lib/libm-2.29.so
7f417f529000-7f417f5c2000 r--p 000ab000 08:03 533193                     /usr/lib/libm-2.29.so
7f417f5c2000-7f417f5c3000 r--p 00143000 08:03 533193                     /usr/lib/libm-2.29.so
7f417f5c3000-7f417f5c4000 rw-p 00144000 08:03 533193                     /usr/lib/libm-2.29.so
7f417f5c4000-7f41802ac000 r-xp 00000000 08:03 2757548                    /usr/lib/jvm/jre/lib/amd64/server/libjvm.so
7f41802ac000-7f41804ab000 ---p 00ce8000 08:03 2757548                    /usr/lib/jvm/jre/lib/amd64/server/libjvm.so
7f41804ab000-7f4180541000 r--p 00ce7000 08:03 2757548                    /usr/lib/jvm/jre/lib/amd64/server/libjvm.so
7f4180541000-7f4180572000 rw-p 00d7d000 08:03 2757548                    /usr/lib/jvm/jre/lib/amd64/server/libjvm.so
7f4180572000-7f41805af000 rw-p 00000000 00:00 0 
7f41805af000-7f41805d4000 r--p 00000000 08:03 533178                     /usr/lib/libc-2.29.so
7f41805d4000-7f418071e000 r-xp 00025000 08:03 533178                     /usr/lib/libc-2.29.so
7f418071e000-7f4180767000 r--p 0016f000 08:03 533178                     /usr/lib/libc-2.29.so
7f4180767000-7f4180768000 ---p 001b8000 08:03 533178                     /usr/lib/libc-2.29.so
7f4180768000-7f418076b000 r--p 001b8000 08:03 533178                     /usr/lib/libc-2.29.so
7f418076b000-7f418076e000 rw-p 001bb000 08:03 533178                     /usr/lib/libc-2.29.so
7f418076e000-7f4180772000 rw-p 00000000 00:00 0 
7f4180772000-7f4180773000 r--p 00000000 08:03 533187                     /usr/lib/libdl-2.29.so
7f4180773000-7f4180774000 r-xp 00001000 08:03 533187                     /usr/lib/libdl-2.29.so
7f4180774000-7f4180775000 r--p 00002000 08:03 533187                     /usr/lib/libdl-2.29.so
7f4180775000-7f4180776000 r--p 00002000 08:03 533187                     /usr/lib/libdl-2.29.so
7f4180776000-7f4180777000 rw-p 00003000 08:03 533187                     /usr/lib/libdl-2.29.so
7f4180777000-7f418078e000 r-xp 00000000 08:03 2890864                    /usr/lib/jvm/jre/lib/amd64/jli/libjli.so
7f418078e000-7f418098d000 ---p 00017000 08:03 2890864                    /usr/lib/jvm/jre/lib/amd64/jli/libjli.so
7f418098d000-7f418098e000 r--p 00016000 08:03 2890864                    /usr/lib/jvm/jre/lib/amd64/jli/libjli.so
7f418098e000-7f418098f000 rw-p 00017000 08:03 2890864                    /usr/lib/jvm/jre/lib/amd64/jli/libjli.so
7f418098f000-7f4180996000 r--p 00000000 08:03 541117                     /usr/lib/libpthread-2.29.so
7f4180996000-7f41809a5000 r-xp 00007000 08:03 541117                     /usr/lib/libpthread-2.29.so
7f41809a5000-7f41809aa000 r--p 00016000 08:03 541117                     /usr/lib/libpthread-2.29.so
7f41809aa000-7f41809ab000 r--p 0001a000 08:03 541117                     /usr/lib/libpthread-2.29.so
7f41809ab000-7f41809ac000 rw-p 0001b000 08:03 541117                     /usr/lib/libpthread-2.29.so
7f41809ac000-7f41809b2000 rw-p 00000000 00:00 0 
7f41809c9000-7f41809d1000 rw-s 00000000 00:28 74                         /tmp/hsperfdata_desenvolvedor0/29643
7f41809d1000-7f41809d4000 r--p 00000000 08:03 539896                     /usr/lib/libnss_files-2.29.so
7f41809d4000-7f41809db000 r-xp 00003000 08:03 539896                     /usr/lib/libnss_files-2.29.so
7f41809db000-7f41809dd000 r--p 0000a000 08:03 539896                     /usr/lib/libnss_files-2.29.so
7f41809dd000-7f41809de000 r--p 0000b000 08:03 539896                     /usr/lib/libnss_files-2.29.so
7f41809de000-7f41809df000 rw-p 0000c000 08:03 539896                     /usr/lib/libnss_files-2.29.so
7f41809df000-7f41809e6000 rw-p 00000000 00:00 0 
7f41809e6000-7f41809e8000 r--p 00000000 08:03 533167                     /usr/lib/ld-2.29.so
7f41809e8000-7f4180a07000 r-xp 00002000 08:03 533167                     /usr/lib/ld-2.29.so
7f4180a07000-7f4180a0f000 r--p 00021000 08:03 533167                     /usr/lib/ld-2.29.so
7f4180a0f000-7f4180a10000 r--p 00000000 00:00 0 
7f4180a10000-7f4180a11000 r--p 00029000 08:03 533167                     /usr/lib/ld-2.29.so
7f4180a11000-7f4180a12000 rw-p 0002a000 08:03 533167                     /usr/lib/ld-2.29.so
7f4180a12000-7f4180a13000 rw-p 00000000 00:00 0 
7ffe6a5d1000-7ffe6a5f2000 rw-p 00000000 00:00 0                          [stack]
7ffe6a5f4000-7ffe6a5f7000 r--p 00000000 00:00 0                          [vvar]
7ffe6a5f7000-7ffe6a5f9000 r-xp 00000000 00:00 0                          [vdso]

VM Arguments:
jvm_args: -Xms1024m -Xmx1024m -XX:ReservedCodeCacheSize=128m -XX:MaxMetaspaceSize=256m 
java_command: /usr/share/sbt/bin/sbt-launch.jar gen-idea
java_class_path (initial): /usr/share/sbt/bin/sbt-launch.jar
Launcher Type: SUN_STANDARD

Environment Variables:
JAVA_HOME=/usr/lib/jvm/java-oracle/
CLASSPATH=/opt/idea-IU-191.7479.19/lib/bootstrap.jar:/opt/idea-IU-191.7479.19/lib/extensions.jar:/opt/idea-IU-191.7479.19/lib/util.jar:/opt/idea-IU-191.7479.19/lib/jdom.jar:/opt/idea-IU-191.7479.19/lib/log4j.jar:/opt/idea-IU-191.7479.19/lib/trove4j.jar:/opt/idea-IU-191.7479.19/lib/jna.jar:/opt/idea-IU-191.7479.19/jre64/lib/tools.jar
PATH=/usr/lib/jvm/java-oracle//bin:/usr/local/sbin:/usr/local/bin:/usr/bin:/usr/lib/jvm/default/bin:/usr/bin/site_perl:/usr/bin/vendor_perl:/usr/bin/core_perl
SHELL=/bin/bash
DISPLAY=:0

Signal Handlers:
SIGSEGV: [libjvm.so+0xad3d90], sa_mask[0]=11111111011111111101111111111110, sa_flags=SA_RESTART|SA_SIGINFO
SIGBUS: [libjvm.so+0xad3d90], sa_mask[0]=11111111011111111101111111111110, sa_flags=SA_RESTART|SA_SIGINFO
SIGFPE: [libjvm.so+0x90b8b0], sa_mask[0]=11111111011111111101111111111110, sa_flags=SA_RESTART|SA_SIGINFO
SIGPIPE: [libjvm.so+0x90b8b0], sa_mask[0]=11111111011111111101111111111110, sa_flags=SA_RESTART|SA_SIGINFO
SIGXFSZ: [libjvm.so+0x90b8b0], sa_mask[0]=11111111011111111101111111111110, sa_flags=SA_RESTART|SA_SIGINFO
SIGILL: [libjvm.so+0x90b8b0], sa_mask[0]=11111111011111111101111111111110, sa_flags=SA_RESTART|SA_SIGINFO
SIGUSR1: SIG_DFL, sa_mask[0]=00000000000000000000000000000000, sa_flags=none
SIGUSR2: [libjvm.so+0x90b780], sa_mask[0]=00100000000000000000000000000000, sa_flags=SA_RESTART|SA_SIGINFO
SIGHUP: SIG_IGN, sa_mask[0]=00000000000000000000000000000000, sa_flags=none
SIGINT: SIG_DFL, sa_mask[0]=00000000000000000000000000000000, sa_flags=none
SIGTERM: SIG_DFL, sa_mask[0]=00000000000000000000000000000000, sa_flags=none
SIGQUIT: SIG_DFL, sa_mask[0]=00000000000000000000000000000000, sa_flags=none


---------------  S Y S T E M  ---------------

OS:DISTRIB_ID=ManjaroLinux
DISTRIB_RELEASE=18.0.4
DISTRIB_CODENAME=Illyria
DISTRIB_DESCRIPTION="Manjaro Linux"

uname:Linux 4.19.56-1-MANJARO #1 SMP PREEMPT Wed Jun 26 03:35:21 UTC 2019 x86_64
libc:glibc 2.29 NPTL 2.29 
rlimit: STACK 8192k, CORE infinity, NPROC 31386, NOFILE 1048576, AS infinity
load average:3.54 2.06 1.90

/proc/meminfo:
MemTotal:        8052028 kB
MemFree:          127432 kB
MemAvailable:     267104 kB
Buffers:           19812 kB
Cached:           810660 kB
SwapCached:            0 kB
Active:          6955508 kB
Inactive:         681632 kB
Active(anon):    6812208 kB
Inactive(anon):   494744 kB
Active(file):     143300 kB
Inactive(file):   186888 kB
Unevictable:           0 kB
Mlocked:               0 kB
SwapTotal:             0 kB
SwapFree:              0 kB
Dirty:              5248 kB
Writeback:             0 kB
AnonPages:       6806556 kB
Mapped:           210828 kB
Shmem:            500400 kB
Slab:             130088 kB
SReclaimable:      61336 kB
SUnreclaim:        68752 kB
KernelStack:       11856 kB
PageTables:        44196 kB
NFS_Unstable:          0 kB
Bounce:                0 kB
WritebackTmp:          0 kB
CommitLimit:     4026012 kB
Committed_AS:   12323788 kB
VmallocTotal:   34359738367 kB
VmallocUsed:           0 kB
VmallocChunk:          0 kB
Percpu:             1264 kB
HardwareCorrupted:     0 kB
AnonHugePages:         0 kB
ShmemHugePages:        0 kB
ShmemPmdMapped:        0 kB
HugePages_Total:       0
HugePages_Free:        0
HugePages_Rsvd:        0
HugePages_Surp:        0
Hugepagesize:       2048 kB
Hugetlb:               0 kB
DirectMap4k:      222304 kB
DirectMap2M:     8050688 kB
DirectMap1G:           0 kB

container (cgroup) information:
container_type: cgroupv1
cpu_cpuset_cpus: 0-3
cpu_memory_nodes: 0
active_processor_count: 4
cpu_quota: -1
cpu_period: 100000
cpu_shares: -1
memory_limit_in_bytes: -1
memory_and_swap_limit_in_bytes: -1
memory_soft_limit_in_bytes: -1
memory_usage_in_bytes: 7745347584
memory_max_usage_in_bytes: 7766867968


CPU:total 4 (initial active 4) (4 cores per cpu, 1 threads per core) family 6 model 158 stepping 9, cmov, cx8, fxsr, mmx, sse, sse2, sse3, ssse3, sse4.1, sse4.2, popcnt, avx, avx2, aes, clmul, erms, 3dnowpref, lzcnt, tsc, tscinvbit, bmi1, bmi2, adx

/proc/cpuinfo:
processor	: 0
vendor_id	: GenuineIntel
cpu family	: 6
model		: 158
model name	: Intel(R) Core(TM) i5-7400 CPU @ 3.00GHz
stepping	: 9
microcode	: 0xb4
cpu MHz		: 3301.653
cache size	: 6144 KB
physical id	: 0
siblings	: 4
core id		: 0
cpu cores	: 4
apicid		: 0
initial apicid	: 0
fpu		: yes
fpu_exception	: yes
cpuid level	: 22
wp		: yes
flags		: fpu vme de pse tsc msr pae mce cx8 apic sep mtrr pge mca cmov pat pse36 clflush dts acpi mmx fxsr sse sse2 ss ht tm pbe syscall nx pdpe1gb rdtscp lm constant_tsc art arch_perfmon pebs bts rep_good nopl xtopology nonstop_tsc cpuid aperfmperf tsc_known_freq pni pclmulqdq dtes64 monitor ds_cpl vmx est tm2 ssse3 sdbg fma cx16 xtpr pdcm pcid sse4_1 sse4_2 x2apic movbe popcnt tsc_deadline_timer aes xsave avx f16c rdrand lahf_lm abm 3dnowprefetch cpuid_fault invpcid_single pti ssbd ibrs ibpb stibp tpr_shadow vnmi flexpriority ept vpid ept_ad fsgsbase tsc_adjust bmi1 avx2 smep bmi2 erms invpcid mpx rdseed adx smap clflushopt intel_pt xsaveopt xsavec xgetbv1 xsaves dtherm ida arat pln pts hwp hwp_notify hwp_act_window hwp_epp md_clear flush_l1d
bugs		: cpu_meltdown spectre_v1 spectre_v2 spec_store_bypass l1tf mds
bogomips	: 6002.00
clflush size	: 64
cache_alignment	: 64
address sizes	: 39 bits physical, 48 bits virtual
power management:

processor	: 1
vendor_id	: GenuineIntel
cpu family	: 6
model		: 158
model name	: Intel(R) Core(TM) i5-7400 CPU @ 3.00GHz
stepping	: 9
microcode	: 0xb4
cpu MHz		: 3300.740
cache size	: 6144 KB
physical id	: 0
siblings	: 4
core id		: 1
cpu cores	: 4
apicid		: 2
initial apicid	: 2
fpu		: yes
fpu_exception	: yes
cpuid level	: 22
wp		: yes
flags		: fpu vme de pse tsc msr pae mce cx8 apic sep mtrr pge mca cmov pat pse36 clflush dts acpi mmx fxsr sse sse2 ss ht tm pbe syscall nx pdpe1gb rdtscp lm constant_tsc art arch_perfmon pebs bts rep_good nopl xtopology nonstop_tsc cpuid aperfmperf tsc_known_freq pni pclmulqdq dtes64 monitor ds_cpl vmx est tm2 ssse3 sdbg fma cx16 xtpr pdcm pcid sse4_1 sse4_2 x2apic movbe popcnt tsc_deadline_timer aes xsave avx f16c rdrand lahf_lm abm 3dnowprefetch cpuid_fault invpcid_single pti ssbd ibrs ibpb stibp tpr_shadow vnmi flexpriority ept vpid ept_ad fsgsbase tsc_adjust bmi1 avx2 smep bmi2 erms invpcid mpx rdseed adx smap clflushopt intel_pt xsaveopt xsavec xgetbv1 xsaves dtherm ida arat pln pts hwp hwp_notify hwp_act_window hwp_epp md_clear flush_l1d
bugs		: cpu_meltdown spectre_v1 spectre_v2 spec_store_bypass l1tf mds
bogomips	: 6002.00
clflush size	: 64
cache_alignment	: 64
address sizes	: 39 bits physical, 48 bits virtual
power management:

processor	: 2
vendor_id	: GenuineIntel
cpu family	: 6
model		: 158
model name	: Intel(R) Core(TM) i5-7400 CPU @ 3.00GHz
stepping	: 9
microcode	: 0xb4
cpu MHz		: 3300.550
cache size	: 6144 KB
physical id	: 0
siblings	: 4
core id		: 2
cpu cores	: 4
apicid		: 4
initial apicid	: 4
fpu		: yes
fpu_exception	: yes
cpuid level	: 22
wp		: yes
flags		: fpu vme de pse tsc msr pae mce cx8 apic sep mtrr pge mca cmov pat pse36 clflush dts acpi mmx fxsr sse sse2 ss ht tm pbe syscall nx pdpe1gb rdtscp lm constant_tsc art arch_perfmon pebs bts rep_good nopl xtopology nonstop_tsc cpuid aperfmperf tsc_known_freq pni pclmulqdq dtes64 monitor ds_cpl vmx est tm2 ssse3 sdbg fma cx16 xtpr pdcm pcid sse4_1 sse4_2 x2apic movbe popcnt tsc_deadline_timer aes xsave avx f16c rdrand lahf_lm abm 3dnowprefetch cpuid_fault invpcid_single pti ssbd ibrs ibpb stibp tpr_shadow vnmi flexpriority ept vpid ept_ad fsgsbase tsc_adjust bmi1 avx2 smep bmi2 erms invpcid mpx rdseed adx smap clflushopt intel_pt xsaveopt xsavec xgetbv1 xsaves dtherm ida arat pln pts hwp hwp_notify hwp_act_window hwp_epp md_clear flush_l1d
bugs		: cpu_meltdown spectre_v1 spectre_v2 spec_store_bypass l1tf mds
bogomips	: 6002.00
clflush size	: 64
cache_alignment	: 64
address sizes	: 39 bits physical, 48 bits virtual
power management:

processor	: 3
vendor_id	: GenuineIntel
cpu family	: 6
model		: 158
model name	: Intel(R) Core(TM) i5-7400 CPU @ 3.00GHz
stepping	: 9
microcode	: 0xb4
cpu MHz		: 3302.015
cache size	: 6144 KB
physical id	: 0
siblings	: 4
core id		: 3
cpu cores	: 4
apicid		: 6
initial apicid	: 6
fpu		: yes
fpu_exception	: yes
cpuid level	: 22
wp		: yes
flags		: fpu vme de pse tsc msr pae mce cx8 apic sep mtrr pge mca cmov pat pse36 clflush dts acpi mmx fxsr sse sse2 ss ht tm pbe syscall nx pdpe1gb rdtscp lm constant_tsc art arch_perfmon pebs bts rep_good nopl xtopology nonstop_tsc cpuid aperfmperf tsc_known_freq pni pclmulqdq dtes64 monitor ds_cpl vmx est tm2 ssse3 sdbg fma cx16 xtpr pdcm pcid sse4_1 sse4_2 x2apic movbe popcnt tsc_deadline_timer aes xsave avx f16c rdrand lahf_lm abm 3dnowprefetch cpuid_fault invpcid_single pti ssbd ibrs ibpb stibp tpr_shadow vnmi flexpriority ept vpid ept_ad fsgsbase tsc_adjust bmi1 avx2 smep bmi2 erms invpcid mpx rdseed adx smap clflushopt intel_pt xsaveopt xsavec xgetbv1 xsaves dtherm ida arat pln pts hwp hwp_notify hwp_act_window hwp_epp md_clear flush_l1d
bugs		: cpu_meltdown spectre_v1 spectre_v2 spec_store_bypass l1tf mds
bogomips	: 6002.00
clflush size	: 64
cache_alignment	: 64
address sizes	: 39 bits physical, 48 bits virtual
power management:



Memory: 4k page, physical 8052028k(126416k free), swap 0k(0k free)

vm_info: Java HotSpot(TM) 64-Bit Server VM (25.211-b12) for linux-amd64 JRE (1.8.0_211-b12), built on Apr  1 2019 20:39:34 by "java_re" with gcc 7.3.0

time: Wed Jul 17 16:20:04 2019
timezone: -03
elapsed time: 0 seconds (0d 0h 0m 0s)

